<?xml version="1.0" encoding="UTF-8"?>
<!-- Generated by org.testng.reporters.JUnitReportReporter -->
<testsuite skipped="0" hostname="DESKTOP-VJUL4D6" name="org.test.execution.HomePageExe" tests="2" failures="0" timestamp="09 Jan 2021 08:08:47 GMT" time="0.054" errors="0">
  <testcase name="regression" time="0.025" classname="org.test.execution.HomePageExe"/>
  <testcase name="regression" time="0.029" classname="org.test.execution.HomePageExe"/>
</testsuite> <!-- org.test.execution.HomePageExe -->
